Received place name: Annegudu
WhatsApp Web loaded successfully (likely logged in).
Channel page went successfully
Search box cleared successfully
Typed the group name in the search box successfully
Traceback (most recent call last):
  File "/home/ubuntu/whatsapp-automation/whatsapp_script.py", line 102, in <module>
    group_element = wait.until(EC.presence_of_element_located((By.XPATH, f'//span[@title="{group.strip()}"]')))
                    ^^^^^^^^^^^^^^^^^^^^^^^^^^^^^^^^^^^^^^^^^^^^^^^^^^^^^^^^^^^^^^^^^^^^^^^^^^^^^^^^^^^^^^^^^^^
  File "/home/ubuntu/whatsapp-automation/venv/lib/python3.12/site-packages/selenium/webdriver/support/wait.py", line 146, in until
    raise TimeoutException(message, screen, stacktrace)
selenium.common.exceptions.TimeoutException: Message: 
Stacktrace:
#0 0x5f681e2a6ffa <unknown>
#1 0x5f681dd65970 <unknown>
#2 0x5f681ddb7385 <unknown>
#3 0x5f681ddb75b1 <unknown>
#4 0x5f681de063c4 <unknown>
#5 0x5f681dddd2bd <unknown>
#6 0x5f681de0370c <unknown>
#7 0x5f681dddd063 <unknown>
#8 0x5f681dda9328 <unknown>
#9 0x5f681ddaa491 <unknown>
#10 0x5f681e26e42b <unknown>
#11 0x5f681e2722ec <unknown>
#12 0x5f681e255a22 <unknown>
#13 0x5f681e272e64 <unknown>
#14 0x5f681e239bef <unknown>
#15 0x5f681e295558 <unknown>
#16 0x5f681e295736 <unknown>
#17 0x5f681e2a5e76 <unknown>
#18 0x7f0dfd89caa4 <unknown>
#19 0x7f0dfd929c3c <unknown>

Received place name: Annegudu
WhatsApp Web loaded successfully (likely logged in).
Channel page went successfully
Search box cleared successfully
Typed the group name in the search box successfully
Processing for group: Zi Tours English - Testing
        Date Place Name
0 2025-04-03   Annegudu
Zi Tours English - Testing
Data found for Annegudu
Data written to msg.txt
WhatsApp automation script triggered.
Processing for group: Zi Tours Tamil - Testing
        Date Place Name
0 2025-04-03   Annegudu
Zi Tours Tamil - Testing
Data found for Annegudu
Data written to msg.txt
WhatsApp automation script triggered.
Script execution finished.
